From https://github.com/phillias/dotfiles
   652d335..49af592  master                 -> origin/master
 * [new branch]      nogo-config-v2         -> origin/nogo-config-v2
 + d3461e5...6b4ce74 two-config-go-fallback -> origin/two-config-go-fallback  (forced update)
Already up to date.
? Master password: [input is hidden] [37D[37Cchezmoi: .zshrc: template: dot_zshrc.tmpl:265:40: executing "dot_zshrc.tmpl" at <bitwardenFields "item" "339936cd-b111-492b-8a77-b3f900fb1c23">: error calling bitwardenFields: unexpected end of JSON input
Already up to date.
? Master password: [input is hidden] [37D[37Cchezmoi: .zshrc: template: dot_zshrc.tmpl:265:40: executing "dot_zshrc.tmpl" at <bitwardenFields "item" "339936cd-b111-492b-8a77-b3f900fb1c23">: error calling bitwardenFields: unexpected end of JSON input
Already up to date.
? Master password: [input is hidden] [37D[37Cchezmoi: .zshrc: template: dot_zshrc.tmpl:265:40: executing "dot_zshrc.tmpl" at <bitwardenFields "item" "339936cd-b111-492b-8a77-b3f900fb1c23">: error calling bitwardenFields: unexpected end of JSON input
Already up to date.
? Master password: [input is hidden] [37D[37Cchezmoi: .zshrc: template: dot_zshrc.tmpl:265:40: executing "dot_zshrc.tmpl" at <bitwardenFields "item" "339936cd-b111-492b-8a77-b3f900fb1c23">: error calling bitwardenFields: unexpected end of JSON input
Already up to date.
? Master password: [input is hidden] [37D[37Cchezmoi: .zshrc: template: dot_zshrc.tmpl:265:40: executing "dot_zshrc.tmpl" at <bitwardenFields "item" "339936cd-b111-492b-8a77-b3f900fb1c23">: error calling bitwardenFields: unexpected end of JSON input
Already up to date.
? Master password: [input is hidden] [37D[37Cchezmoi: .zshrc: template: dot_zshrc.tmpl:265:40: executing "dot_zshrc.tmpl" at <bitwardenFields "item" "339936cd-b111-492b-8a77-b3f900fb1c23">: error calling bitwardenFields: unexpected end of JSON input
Already up to date.
? Master password: [input is hidden] [37D[37Cchezmoi: .zshrc: template: dot_zshrc.tmpl:265:40: executing "dot_zshrc.tmpl" at <bitwardenFields "item" "339936cd-b111-492b-8a77-b3f900fb1c23">: error calling bitwardenFields: unexpected end of JSON input
Already up to date.
? Master password: [input is hidden] [37D[37Cchezmoi: .zshrc: template: dot_zshrc.tmpl:265:40: executing "dot_zshrc.tmpl" at <bitwardenFields "item" "339936cd-b111-492b-8a77-b3f900fb1c23">: error calling bitwardenFields: unexpected end of JSON input
Already up to date.
? Master password: [input is hidden] [37D[37Cchezmoi: .zshrc: template: dot_zshrc.tmpl:265:40: executing "dot_zshrc.tmpl" at <bitwardenFields "item" "339936cd-b111-492b-8a77-b3f900fb1c23">: error calling bitwardenFields: unexpected end of JSON input
Already up to date.
? Master password: [input is hidden] [37D[37Cchezmoi: .zshrc: template: dot_zshrc.tmpl:265:40: executing "dot_zshrc.tmpl" at <bitwardenFields "item" "339936cd-b111-492b-8a77-b3f900fb1c23">: error calling bitwardenFields: unexpected end of JSON input
Already up to date.
? Master password: [input is hidden] [37D[37Cchezmoi: .zshrc: template: dot_zshrc.tmpl:265:40: executing "dot_zshrc.tmpl" at <bitwardenFields "item" "339936cd-b111-492b-8a77-b3f900fb1c23">: error calling bitwardenFields: unexpected end of JSON input
Already up to date.
? Master password: [input is hidden] [37D[37Cchezmoi: .zshrc: template: dot_zshrc.tmpl:265:40: executing "dot_zshrc.tmpl" at <bitwardenFields "item" "339936cd-b111-492b-8a77-b3f900fb1c23">: error calling bitwardenFields: unexpected end of JSON input
Already up to date.
? Master password: [input is hidden] [37D[37Cchezmoi: .zshrc: template: dot_zshrc.tmpl:265:40: executing "dot_zshrc.tmpl" at <bitwardenFields "item" "339936cd-b111-492b-8a77-b3f900fb1c23">: error calling bitwardenFields: unexpected end of JSON input
Already up to date.
? Master password: [input is hidden] [37D[37Cchezmoi: .zshrc: template: dot_zshrc.tmpl:265:40: executing "dot_zshrc.tmpl" at <bitwardenFields "item" "339936cd-b111-492b-8a77-b3f900fb1c23">: error calling bitwardenFields: unexpected end of JSON input
Already up to date.
? Master password: [input is hidden] [37D[37Cchezmoi: .zshrc: template: dot_zshrc.tmpl:265:40: executing "dot_zshrc.tmpl" at <bitwardenFields "item" "339936cd-b111-492b-8a77-b3f900fb1c23">: error calling bitwardenFields: unexpected end of JSON input
Already up to date.
? Master password: [input is hidden] [37D[37Cchezmoi: .zshrc: template: dot_zshrc.tmpl:265:40: executing "dot_zshrc.tmpl" at <bitwardenFields "item" "339936cd-b111-492b-8a77-b3f900fb1c23">: error calling bitwardenFields: unexpected end of JSON input
Already up to date.
? Master password: [input is hidden] [37D[37Cchezmoi: .zshrc: template: dot_zshrc.tmpl:265:40: executing "dot_zshrc.tmpl" at <bitwardenFields "item" "339936cd-b111-492b-8a77-b3f900fb1c23">: error calling bitwardenFields: unexpected end of JSON input
Already up to date.
? Master password: [input is hidden] [37D[37Cchezmoi: .zshrc: template: dot_zshrc.tmpl:265:40: executing "dot_zshrc.tmpl" at <bitwardenFields "item" "339936cd-b111-492b-8a77-b3f900fb1c23">: error calling bitwardenFields: unexpected end of JSON input
Already up to date.
? Master password: [input is hidden] [37D[37Cchezmoi: .zshrc: template: dot_zshrc.tmpl:265:40: executing "dot_zshrc.tmpl" at <bitwardenFields "item" "339936cd-b111-492b-8a77-b3f900fb1c23">: error calling bitwardenFields: unexpected end of JSON input
Already up to date.
? Master password: [input is hidden] [37D[37Cchezmoi: .zshrc: template: dot_zshrc.tmpl:265:40: executing "dot_zshrc.tmpl" at <bitwardenFields "item" "339936cd-b111-492b-8a77-b3f900fb1c23">: error calling bitwardenFields: unexpected end of JSON input
Already up to date.
? Master password: [input is hidden] [37D[37Cchezmoi: .zshrc: template: dot_zshrc.tmpl:265:40: executing "dot_zshrc.tmpl" at <bitwardenFields "item" "339936cd-b111-492b-8a77-b3f900fb1c23">: error calling bitwardenFields: unexpected end of JSON input
Already up to date.
? Master password: [input is hidden] [37D[37Cchezmoi: .zshrc: template: dot_zshrc.tmpl:265:40: executing "dot_zshrc.tmpl" at <bitwardenFields "item" "339936cd-b111-492b-8a77-b3f900fb1c23">: error calling bitwardenFields: unexpected end of JSON input
Already up to date.
? Master password: [input is hidden] [37D[37Cchezmoi: .zshrc: template: dot_zshrc.tmpl:265:40: executing "dot_zshrc.tmpl" at <bitwardenFields "item" "339936cd-b111-492b-8a77-b3f900fb1c23">: error calling bitwardenFields: unexpected end of JSON input
Already up to date.
? Master password: [input is hidden] [37D[37Cchezmoi: .zshrc: template: dot_zshrc.tmpl:265:40: executing "dot_zshrc.tmpl" at <bitwardenFields "item" "339936cd-b111-492b-8a77-b3f900fb1c23">: error calling bitwardenFields: unexpected end of JSON input
Already up to date.
? Master password: [input is hidden] [37D[37Cchezmoi: .zshrc: template: dot_zshrc.tmpl:265:40: executing "dot_zshrc.tmpl" at <bitwardenFields "item" "339936cd-b111-492b-8a77-b3f900fb1c23">: error calling bitwardenFields: unexpected end of JSON input
Already up to date.
? Master password: [input is hidden] [37D[37Cchezmoi: .zshrc: template: dot_zshrc.tmpl:265:40: executing "dot_zshrc.tmpl" at <bitwardenFields "item" "339936cd-b111-492b-8a77-b3f900fb1c23">: error calling bitwardenFields: unexpected end of JSON input
Already up to date.
? Master password: [input is hidden] [37D[37Cchezmoi: .zshrc: template: dot_zshrc.tmpl:265:40: executing "dot_zshrc.tmpl" at <bitwardenFields "item" "339936cd-b111-492b-8a77-b3f900fb1c23">: error calling bitwardenFields: unexpected end of JSON input
Already up to date.
? Master password: [input is hidden] [37D[37Cchezmoi: .zshrc: template: dot_zshrc.tmpl:265:40: executing "dot_zshrc.tmpl" at <bitwardenFields "item" "339936cd-b111-492b-8a77-b3f900fb1c23">: error calling bitwardenFields: unexpected end of JSON input
Already up to date.
? Master password: [input is hidden] [37D[37Cchezmoi: .zshrc: template: dot_zshrc.tmpl:265:40: executing "dot_zshrc.tmpl" at <bitwardenFields "item" "339936cd-b111-492b-8a77-b3f900fb1c23">: error calling bitwardenFields: unexpected end of JSON input
Already up to date.
? Master password: [input is hidden] [37D[37Cchezmoi: .zshrc: template: dot_zshrc.tmpl:265:40: executing "dot_zshrc.tmpl" at <bitwardenFields "item" "339936cd-b111-492b-8a77-b3f900fb1c23">: error calling bitwardenFields: unexpected end of JSON input
Already up to date.
? Master password: [input is hidden] [37D[37Cchezmoi: .zshrc: template: dot_zshrc.tmpl:265:40: executing "dot_zshrc.tmpl" at <bitwardenFields "item" "339936cd-b111-492b-8a77-b3f900fb1c23">: error calling bitwardenFields: unexpected end of JSON input
Already up to date.
? Master password: [input is hidden] [37D[37Cchezmoi: .zshrc: template: dot_zshrc.tmpl:265:40: executing "dot_zshrc.tmpl" at <bitwardenFields "item" "339936cd-b111-492b-8a77-b3f900fb1c23">: error calling bitwardenFields: unexpected end of JSON input
Already up to date.
? Master password: [input is hidden] [37D[37Cchezmoi: .zshrc: template: dot_zshrc.tmpl:265:40: executing "dot_zshrc.tmpl" at <bitwardenFields "item" "339936cd-b111-492b-8a77-b3f900fb1c23">: error calling bitwardenFields: unexpected end of JSON input
Already up to date.
Already up to date.
Already up to date.
From https://github.com/phillias/dotfiles
 * [new branch]      nogo-owl-fallback -> origin/nogo-owl-fallback
 * [new branch]      nogo-remove-owl   -> origin/nogo-remove-owl
Already up to date.
From https://github.com/phillias/dotfiles
   49af592..0e893b5  master     -> origin/master
Already up to date.
Already up to date.
Already up to date.
Already up to date.
.config/opencode/oh-my-openagent.json has changed since chezmoi last wrote it?
chezmoi: .config/opencode/oh-my-openagent.json: could not open a new TTY: open /dev/tty: no such device or address
Already up to date.
.config/opencode/oh-my-openagent.json has changed since chezmoi last wrote it?
chezmoi: .config/opencode/oh-my-openagent.json: could not open a new TTY: open /dev/tty: no such device or address
Already up to date.
.config/opencode/oh-my-openagent.json has changed since chezmoi last wrote it?
chezmoi: .config/opencode/oh-my-openagent.json: could not open a new TTY: open /dev/tty: no such device or address
Already up to date.
.config/opencode/oh-my-openagent.json has changed since chezmoi last wrote it?
chezmoi: .config/opencode/oh-my-openagent.json: could not open a new TTY: open /dev/tty: no such device or address
Already up to date.
.config/opencode/oh-my-openagent.json has changed since chezmoi last wrote it?
chezmoi: .config/opencode/oh-my-openagent.json: could not open a new TTY: open /dev/tty: no such device or address
Already up to date.
.config/opencode/oh-my-openagent.json has changed since chezmoi last wrote it?
chezmoi: .config/opencode/oh-my-openagent.json: could not open a new TTY: open /dev/tty: no such device or address
Already up to date.
.config/opencode/oh-my-openagent.json has changed since chezmoi last wrote it?
chezmoi: .config/opencode/oh-my-openagent.json: could not open a new TTY: open /dev/tty: no such device or address
Already up to date.
.config/opencode/oh-my-openagent.json has changed since chezmoi last wrote it?
chezmoi: .config/opencode/oh-my-openagent.json: could not open a new TTY: open /dev/tty: no such device or address
Already up to date.
.config/opencode/oh-my-openagent.json has changed since chezmoi last wrote it?
chezmoi: .config/opencode/oh-my-openagent.json: could not open a new TTY: open /dev/tty: no such device or address
Already up to date.
.config/opencode/oh-my-openagent.json has changed since chezmoi last wrote it?
chezmoi: .config/opencode/oh-my-openagent.json: could not open a new TTY: open /dev/tty: no such device or address
Already up to date.
.config/opencode/oh-my-openagent.json has changed since chezmoi last wrote it?
chezmoi: .config/opencode/oh-my-openagent.json: could not open a new TTY: open /dev/tty: no such device or address
Already up to date.
.config/opencode/oh-my-openagent.json has changed since chezmoi last wrote it?
chezmoi: .config/opencode/oh-my-openagent.json: could not open a new TTY: open /dev/tty: no such device or address
Already up to date.
.config/opencode/oh-my-openagent.json has changed since chezmoi last wrote it?
chezmoi: .config/opencode/oh-my-openagent.json: could not open a new TTY: open /dev/tty: no such device or address
Already up to date.
.config/opencode/oh-my-openagent.json has changed since chezmoi last wrote it?
chezmoi: .config/opencode/oh-my-openagent.json: could not open a new TTY: open /dev/tty: no such device or address
Already up to date.
.config/opencode/oh-my-openagent.json has changed since chezmoi last wrote it?
chezmoi: .config/opencode/oh-my-openagent.json: could not open a new TTY: open /dev/tty: no such device or address
Already up to date.
.config/opencode/oh-my-openagent.json has changed since chezmoi last wrote it?
chezmoi: .config/opencode/oh-my-openagent.json: could not open a new TTY: open /dev/tty: no such device or address
Already up to date.
.config/opencode/oh-my-openagent.json has changed since chezmoi last wrote it?
chezmoi: .config/opencode/oh-my-openagent.json: could not open a new TTY: open /dev/tty: no such device or address
Already up to date.
.config/opencode/oh-my-openagent.json has changed since chezmoi last wrote it?
chezmoi: .config/opencode/oh-my-openagent.json: could not open a new TTY: open /dev/tty: no such device or address
Already up to date.
.config/opencode/oh-my-openagent.json has changed since chezmoi last wrote it?
chezmoi: .config/opencode/oh-my-openagent.json: could not open a new TTY: open /dev/tty: no such device or address
Already up to date.
.config/opencode/oh-my-openagent.json has changed since chezmoi last wrote it?
chezmoi: .config/opencode/oh-my-openagent.json: could not open a new TTY: open /dev/tty: no such device or address
Already up to date.
.config/opencode/oh-my-openagent.json has changed since chezmoi last wrote it?
chezmoi: .config/opencode/oh-my-openagent.json: could not open a new TTY: open /dev/tty: no such device or address
Already up to date.
.config/opencode/oh-my-openagent.json has changed since chezmoi last wrote it?
chezmoi: .config/opencode/oh-my-openagent.json: could not open a new TTY: open /dev/tty: no such device or address
Already up to date.
.config/opencode/oh-my-openagent.json has changed since chezmoi last wrote it?
chezmoi: .config/opencode/oh-my-openagent.json: could not open a new TTY: open /dev/tty: no such device or address
Already up to date.
.config/opencode/oh-my-openagent.json has changed since chezmoi last wrote it?
chezmoi: .config/opencode/oh-my-openagent.json: could not open a new TTY: open /dev/tty: no such device or address
Already up to date.
.config/opencode/oh-my-openagent.json has changed since chezmoi last wrote it?
chezmoi: .config/opencode/oh-my-openagent.json: could not open a new TTY: open /dev/tty: no such device or address
Already up to date.
.config/opencode/oh-my-openagent.json has changed since chezmoi last wrote it?
chezmoi: .config/opencode/oh-my-openagent.json: could not open a new TTY: open /dev/tty: no such device or address
Already up to date.
.config/opencode/oh-my-openagent.json has changed since chezmoi last wrote it?
chezmoi: .config/opencode/oh-my-openagent.json: could not open a new TTY: open /dev/tty: no such device or address
Already up to date.
.config/opencode/oh-my-openagent.json has changed since chezmoi last wrote it?
chezmoi: .config/opencode/oh-my-openagent.json: could not open a new TTY: open /dev/tty: no such device or address
Already up to date.
.config/opencode/oh-my-openagent.json has changed since chezmoi last wrote it?
chezmoi: .config/opencode/oh-my-openagent.json: could not open a new TTY: open /dev/tty: no such device or address
Already up to date.
.config/opencode/oh-my-openagent.json has changed since chezmoi last wrote it?
chezmoi: .config/opencode/oh-my-openagent.json: could not open a new TTY: open /dev/tty: no such device or address
Already up to date.
.config/opencode/oh-my-openagent.json has changed since chezmoi last wrote it?
chezmoi: .config/opencode/oh-my-openagent.json: could not open a new TTY: open /dev/tty: no such device or address
Already up to date.
.config/opencode/oh-my-openagent.json has changed since chezmoi last wrote it?
chezmoi: .config/opencode/oh-my-openagent.json: could not open a new TTY: open /dev/tty: no such device or address
Already up to date.
.config/opencode/oh-my-openagent.json has changed since chezmoi last wrote it?
chezmoi: .config/opencode/oh-my-openagent.json: could not open a new TTY: open /dev/tty: no such device or address
Already up to date.
.config/opencode/oh-my-openagent.json has changed since chezmoi last wrote it?
chezmoi: .config/opencode/oh-my-openagent.json: could not open a new TTY: open /dev/tty: no such device or address
Already up to date.
.config/opencode/oh-my-openagent.json has changed since chezmoi last wrote it?
chezmoi: .config/opencode/oh-my-openagent.json: could not open a new TTY: open /dev/tty: no such device or address
Already up to date.
.config/opencode/oh-my-openagent.json has changed since chezmoi last wrote it?
chezmoi: .config/opencode/oh-my-openagent.json: could not open a new TTY: open /dev/tty: no such device or address
Already up to date.
.config/opencode/oh-my-openagent.json has changed since chezmoi last wrote it?
chezmoi: .config/opencode/oh-my-openagent.json: could not open a new TTY: open /dev/tty: no such device or address
Already up to date.
.config/opencode/oh-my-openagent.json has changed since chezmoi last wrote it?
chezmoi: .config/opencode/oh-my-openagent.json: could not open a new TTY: open /dev/tty: no such device or address
Already up to date.
.config/opencode/oh-my-openagent.json has changed since chezmoi last wrote it?
chezmoi: .config/opencode/oh-my-openagent.json: could not open a new TTY: open /dev/tty: no such device or address
From https://github.com/phillias/dotfiles
 * [new branch]      update-opencode-profiles-and-oc-launcher -> origin/update-opencode-profiles-and-oc-launcher
Already up to date.
.config/opencode/oh-my-openagent.json has changed since chezmoi last wrote it?
chezmoi: .config/opencode/oh-my-openagent.json: could not open a new TTY: open /dev/tty: no such device or address
Already up to date.
.config/opencode/oh-my-openagent.json has changed since chezmoi last wrote it?
chezmoi: .config/opencode/oh-my-openagent.json: could not open a new TTY: open /dev/tty: no such device or address
Already up to date.
.config/opencode/oh-my-openagent.json has changed since chezmoi last wrote it?
chezmoi: .config/opencode/oh-my-openagent.json: could not open a new TTY: open /dev/tty: no such device or address
From https://github.com/phillias/dotfiles
   f053650..0cbd62d  master     -> origin/master
   6f395e5..2c68213  update-opencode-profiles-and-oc-launcher -> origin/update-opencode-profiles-and-oc-launcher
Updating f053650..0cbd62d
Already up to date.
.config/opencode/oh-my-openagent.json has changed since chezmoi last wrote it?
chezmoi: .config/opencode/oh-my-openagent.json: could not open a new TTY: open /dev/tty: no such device or address
From https://github.com/phillias/dotfiles
   0cbd62d..44ee2ba  master     -> origin/master
 * [new branch]      update-zen-profile-models -> origin/update-zen-profile-models
Updating 0cbd62d..44ee2ba
Already up to date.
.config/opencode/oh-my-openagent.json has changed since chezmoi last wrote it?
chezmoi: .config/opencode/oh-my-openagent.json: could not open a new TTY: open /dev/tty: no such device or address
Already up to date.
.config/opencode/oh-my-openagent.json has changed since chezmoi last wrote it?
chezmoi: .config/opencode/oh-my-openagent.json: could not open a new TTY: open /dev/tty: no such device or address
Already up to date.
.config/opencode/oh-my-openagent.json has changed since chezmoi last wrote it?
chezmoi: .config/opencode/oh-my-openagent.json: could not open a new TTY: open /dev/tty: no such device or address
Already up to date.
.config/opencode/oh-my-openagent.json has changed since chezmoi last wrote it?
chezmoi: .config/opencode/oh-my-openagent.json: could not open a new TTY: open /dev/tty: no such device or address
Already up to date.
.config/opencode/profiles/zen/package.json has changed since chezmoi last wrote it?
chezmoi: .config/opencode/profiles/zen/package.json: could not open a new TTY: open /dev/tty: no such device or address
Already up to date.
.config/opencode/profiles/zen/package.json has changed since chezmoi last wrote it?
chezmoi: .config/opencode/profiles/zen/package.json: could not open a new TTY: open /dev/tty: no such device or address
Already up to date.
.config/opencode/profiles/zen/package.json has changed since chezmoi last wrote it?
chezmoi: .config/opencode/profiles/zen/package.json: could not open a new TTY: open /dev/tty: no such device or address
Already up to date.
.config/opencode/profiles/zen/package.json has changed since chezmoi last wrote it?
chezmoi: .config/opencode/profiles/zen/package.json: could not open a new TTY: open /dev/tty: no such device or address
Already up to date.
.config/opencode/profiles/zen/package.json has changed since chezmoi last wrote it?
chezmoi: .config/opencode/profiles/zen/package.json: could not open a new TTY: open /dev/tty: no such device or address
Already up to date.
.config/opencode/profiles/zen/package.json has changed since chezmoi last wrote it?
chezmoi: .config/opencode/profiles/zen/package.json: could not open a new TTY: open /dev/tty: no such device or address
Already up to date.
.config/opencode/profiles/zen/package.json has changed since chezmoi last wrote it?
chezmoi: .config/opencode/profiles/zen/package.json: could not open a new TTY: open /dev/tty: no such device or address
Already up to date.
.config/opencode/profiles/zen/package.json has changed since chezmoi last wrote it?
chezmoi: .config/opencode/profiles/zen/package.json: could not open a new TTY: open /dev/tty: no such device or address
Already up to date.
.config/opencode/profiles/zen/package.json has changed since chezmoi last wrote it?
chezmoi: .config/opencode/profiles/zen/package.json: could not open a new TTY: open /dev/tty: no such device or address
Already up to date.
.config/opencode/profiles/zen/package.json has changed since chezmoi last wrote it?
chezmoi: .config/opencode/profiles/zen/package.json: could not open a new TTY: open /dev/tty: no such device or address
Already up to date.
.config/opencode/profiles/zen/package.json has changed since chezmoi last wrote it?
chezmoi: .config/opencode/profiles/zen/package.json: could not open a new TTY: open /dev/tty: no such device or address
Already up to date.
.config/opencode/profiles/zen/package.json has changed since chezmoi last wrote it?
chezmoi: .config/opencode/profiles/zen/package.json: could not open a new TTY: open /dev/tty: no such device or address
Already up to date.
.config/opencode/profiles/zen/package.json has changed since chezmoi last wrote it?
chezmoi: .config/opencode/profiles/zen/package.json: could not open a new TTY: open /dev/tty: no such device or address
Already up to date.
.config/opencode/profiles/zen/package.json has changed since chezmoi last wrote it?
chezmoi: .config/opencode/profiles/zen/package.json: could not open a new TTY: open /dev/tty: no such device or address
Already up to date.
.config/opencode/profiles/zen/package.json has changed since chezmoi last wrote it?
chezmoi: .config/opencode/profiles/zen/package.json: could not open a new TTY: open /dev/tty: no such device or address
Already up to date.
.config/opencode/profiles/zen/package.json has changed since chezmoi last wrote it?
chezmoi: .config/opencode/profiles/zen/package.json: could not open a new TTY: open /dev/tty: no such device or address
Already up to date.
.config/opencode/profiles/zen/package.json has changed since chezmoi last wrote it?
chezmoi: .config/opencode/profiles/zen/package.json: could not open a new TTY: open /dev/tty: no such device or address
Already up to date.
.config/opencode/profiles/zen/package.json has changed since chezmoi last wrote it?
chezmoi: .config/opencode/profiles/zen/package.json: could not open a new TTY: open /dev/tty: no such device or address
Already up to date.
.config/opencode/profiles/zen/package.json has changed since chezmoi last wrote it?
chezmoi: .config/opencode/profiles/zen/package.json: could not open a new TTY: open /dev/tty: no such device or address
Already up to date.
.config/opencode/profiles/zen/package.json has changed since chezmoi last wrote it?
chezmoi: .config/opencode/profiles/zen/package.json: could not open a new TTY: open /dev/tty: no such device or address
Already up to date.
.config/opencode/profiles/zen/package.json has changed since chezmoi last wrote it?
chezmoi: .config/opencode/profiles/zen/package.json: could not open a new TTY: open /dev/tty: no such device or address
Already up to date.
.config/opencode/profiles/zen/package.json has changed since chezmoi last wrote it?
chezmoi: .config/opencode/profiles/zen/package.json: could not open a new TTY: open /dev/tty: no such device or address
Already up to date.
.config/opencode/profiles/zen/package.json has changed since chezmoi last wrote it?
chezmoi: .config/opencode/profiles/zen/package.json: could not open a new TTY: open /dev/tty: no such device or address
Already up to date.
.config/opencode/profiles/zen/package.json has changed since chezmoi last wrote it?
chezmoi: .config/opencode/profiles/zen/package.json: could not open a new TTY: open /dev/tty: no such device or address
From https://github.com/phillias/dotfiles
   44ee2ba..1d4c7e6  master     -> origin/master
 * [new branch]      improve/compaction-plugin -> origin/improve/compaction-plugin
   2883fff..633d3f3  update-zen-profile-models -> origin/update-zen-profile-models
Updating 44ee2ba..1d4c7e6
Already up to date.
.config/opencode/skills/docker-infra-mgmt has changed since chezmoi last wrote it?
chezmoi: .config/opencode/skills/docker-infra-mgmt: could not open a new TTY: open /dev/tty: no such device or address
Already up to date.
.config/opencode/skills/docker-infra-mgmt has changed since chezmoi last wrote it?
chezmoi: .config/opencode/skills/docker-infra-mgmt: could not open a new TTY: open /dev/tty: no such device or address
Already up to date.
.config/opencode/skills/docker-infra-mgmt has changed since chezmoi last wrote it?
chezmoi: .config/opencode/skills/docker-infra-mgmt: could not open a new TTY: open /dev/tty: no such device or address
Already up to date.
.config/opencode/skills/docker-infra-mgmt has changed since chezmoi last wrote it?
chezmoi: .config/opencode/skills/docker-infra-mgmt: could not open a new TTY: open /dev/tty: no such device or address
Already up to date.
.config/opencode/skills/docker-infra-mgmt has changed since chezmoi last wrote it?
chezmoi: .config/opencode/skills/docker-infra-mgmt: could not open a new TTY: open /dev/tty: no such device or address
Already up to date.
.config/opencode/skills/docker-infra-mgmt has changed since chezmoi last wrote it?
chezmoi: .config/opencode/skills/docker-infra-mgmt: could not open a new TTY: open /dev/tty: no such device or address
Already up to date.
.config/opencode/skills/docker-infra-mgmt has changed since chezmoi last wrote it?
chezmoi: .config/opencode/skills/docker-infra-mgmt: could not open a new TTY: open /dev/tty: no such device or address
Already up to date.
.config/opencode/skills/docker-infra-mgmt has changed since chezmoi last wrote it?
chezmoi: .config/opencode/skills/docker-infra-mgmt: could not open a new TTY: open /dev/tty: no such device or address
Already up to date.
.config/opencode/skills/docker-infra-mgmt has changed since chezmoi last wrote it?
chezmoi: .config/opencode/skills/docker-infra-mgmt: could not open a new TTY: open /dev/tty: no such device or address
Already up to date.
.config/opencode/skills/docker-infra-mgmt has changed since chezmoi last wrote it?
chezmoi: .config/opencode/skills/docker-infra-mgmt: could not open a new TTY: open /dev/tty: no such device or address
Already up to date.
.config/opencode/skills/docker-infra-mgmt has changed since chezmoi last wrote it?
chezmoi: .config/opencode/skills/docker-infra-mgmt: could not open a new TTY: open /dev/tty: no such device or address
Already up to date.
.config/opencode/skills/docker-infra-mgmt has changed since chezmoi last wrote it?
chezmoi: .config/opencode/skills/docker-infra-mgmt: could not open a new TTY: open /dev/tty: no such device or address
Already up to date.
.config/opencode/skills/docker-infra-mgmt has changed since chezmoi last wrote it?
chezmoi: .config/opencode/skills/docker-infra-mgmt: could not open a new TTY: open /dev/tty: no such device or address
Already up to date.
.config/opencode/skills/docker-infra-mgmt has changed since chezmoi last wrote it?
chezmoi: .config/opencode/skills/docker-infra-mgmt: could not open a new TTY: open /dev/tty: no such device or address
From https://github.com/phillias/dotfiles
 * [new branch]      update-known-hosts -> origin/update-known-hosts
Already up to date.
.config/opencode/skills/docker-infra-mgmt has changed since chezmoi last wrote it?
chezmoi: .config/opencode/skills/docker-infra-mgmt: could not open a new TTY: open /dev/tty: no such device or address
Already up to date.
.config/opencode/skills/docker-infra-mgmt has changed since chezmoi last wrote it?
chezmoi: .config/opencode/skills/docker-infra-mgmt: could not open a new TTY: open /dev/tty: no such device or address
Already up to date.
.config/opencode/skills/docker-infra-mgmt has changed since chezmoi last wrote it?
chezmoi: .config/opencode/skills/docker-infra-mgmt: could not open a new TTY: open /dev/tty: no such device or address
Already up to date.
.config/opencode/skills/docker-infra-mgmt has changed since chezmoi last wrote it?
chezmoi: .config/opencode/skills/docker-infra-mgmt: could not open a new TTY: open /dev/tty: no such device or address
From https://github.com/phillias/dotfiles
   e1e0844..86d080c  master     -> origin/master
Updating e1e0844..86d080c
Already up to date.
.config/opencode/skills/docker-infra-mgmt has changed since chezmoi last wrote it?
chezmoi: .config/opencode/skills/docker-infra-mgmt: could not open a new TTY: open /dev/tty: no such device or address
From https://github.com/phillias/dotfiles
   86d080c..ec57643  master                  -> origin/master
 * [new branch]      sync-opencode-config-v2 -> origin/sync-opencode-config-v2
Updating 86d080c..ec57643
Already up to date.
.config/opencode/skills/docker-infra-mgmt has changed since chezmoi last wrote it?
chezmoi: .config/opencode/skills/docker-infra-mgmt: could not open a new TTY: open /dev/tty: no such device or address
Already up to date.
.config/opencode/skills/docker-infra-mgmt has changed since chezmoi last wrote it?
chezmoi: .config/opencode/skills/docker-infra-mgmt: could not open a new TTY: open /dev/tty: no such device or address
Already up to date.
.config/opencode/skills/docker-infra-mgmt has changed since chezmoi last wrote it?
chezmoi: .config/opencode/skills/docker-infra-mgmt: could not open a new TTY: open /dev/tty: no such device or address
Already up to date.
.config/opencode/skills/docker-infra-mgmt has changed since chezmoi last wrote it?
chezmoi: .config/opencode/skills/docker-infra-mgmt: could not open a new TTY: open /dev/tty: no such device or address
Already up to date.
.config/opencode/skills/docker-infra-mgmt has changed since chezmoi last wrote it?
chezmoi: .config/opencode/skills/docker-infra-mgmt: could not open a new TTY: open /dev/tty: no such device or address
Already up to date.
.config/opencode/skills/docker-infra-mgmt has changed since chezmoi last wrote it?
chezmoi: .config/opencode/skills/docker-infra-mgmt: could not open a new TTY: open /dev/tty: no such device or address
Already up to date.
.config/opencode/skills/docker-infra-mgmt has changed since chezmoi last wrote it?
chezmoi: .config/opencode/skills/docker-infra-mgmt: could not open a new TTY: open /dev/tty: no such device or address
Already up to date.
.config/opencode/skills/docker-infra-mgmt has changed since chezmoi last wrote it?
chezmoi: .config/opencode/skills/docker-infra-mgmt: could not open a new TTY: open /dev/tty: no such device or address
Already up to date.
.config/opencode/skills/docker-infra-mgmt has changed since chezmoi last wrote it?
chezmoi: .config/opencode/skills/docker-infra-mgmt: could not open a new TTY: open /dev/tty: no such device or address
Already up to date.
.config/opencode/skills/docker-infra-mgmt has changed since chezmoi last wrote it?
chezmoi: .config/opencode/skills/docker-infra-mgmt: could not open a new TTY: open /dev/tty: no such device or address
Already up to date.
.config/opencode/skills/docker-infra-mgmt has changed since chezmoi last wrote it?
chezmoi: .config/opencode/skills/docker-infra-mgmt: could not open a new TTY: open /dev/tty: no such device or address
Already up to date.
.config/opencode/skills/docker-infra-mgmt has changed since chezmoi last wrote it?
chezmoi: .config/opencode/skills/docker-infra-mgmt: could not open a new TTY: open /dev/tty: no such device or address
Already up to date.
.config/opencode/skills/docker-infra-mgmt has changed since chezmoi last wrote it?
chezmoi: .config/opencode/skills/docker-infra-mgmt: could not open a new TTY: open /dev/tty: no such device or address
Already up to date.
.config/opencode/skills/docker-infra-mgmt has changed since chezmoi last wrote it?
chezmoi: .config/opencode/skills/docker-infra-mgmt: could not open a new TTY: open /dev/tty: no such device or address
Already up to date.
.config/opencode/skills/docker-infra-mgmt has changed since chezmoi last wrote it?
chezmoi: .config/opencode/skills/docker-infra-mgmt: could not open a new TTY: open /dev/tty: no such device or address
Already up to date.
.config/opencode/skills/docker-infra-mgmt has changed since chezmoi last wrote it?
chezmoi: .config/opencode/skills/docker-infra-mgmt: could not open a new TTY: open /dev/tty: no such device or address
Already up to date.
.config/opencode/skills/docker-infra-mgmt has changed since chezmoi last wrote it?
chezmoi: .config/opencode/skills/docker-infra-mgmt: could not open a new TTY: open /dev/tty: no such device or address
Already up to date.
.config/opencode/skills/docker-infra-mgmt has changed since chezmoi last wrote it?
chezmoi: .config/opencode/skills/docker-infra-mgmt: could not open a new TTY: open /dev/tty: no such device or address
Already up to date.
.config/opencode/skills/docker-infra-mgmt has changed since chezmoi last wrote it?
chezmoi: .config/opencode/skills/docker-infra-mgmt: could not open a new TTY: open /dev/tty: no such device or address
Already up to date.
.config/opencode/skills/docker-infra-mgmt has changed since chezmoi last wrote it?
chezmoi: .config/opencode/skills/docker-infra-mgmt: could not open a new TTY: open /dev/tty: no such device or address
Already up to date.
.config/opencode/skills/docker-infra-mgmt has changed since chezmoi last wrote it?
chezmoi: .config/opencode/skills/docker-infra-mgmt: could not open a new TTY: open /dev/tty: no such device or address
Already up to date.
.config/opencode/skills/docker-infra-mgmt has changed since chezmoi last wrote it?
chezmoi: .config/opencode/skills/docker-infra-mgmt: could not open a new TTY: open /dev/tty: no such device or address
Already up to date.
.config/opencode/skills/docker-infra-mgmt has changed since chezmoi last wrote it?
chezmoi: .config/opencode/skills/docker-infra-mgmt: could not open a new TTY: open /dev/tty: no such device or address
Already up to date.
.config/opencode/skills/docker-infra-mgmt has changed since chezmoi last wrote it?
chezmoi: .config/opencode/skills/docker-infra-mgmt: could not open a new TTY: open /dev/tty: no such device or address
Already up to date.
.config/opencode/skills/docker-infra-mgmt has changed since chezmoi last wrote it?
chezmoi: .config/opencode/skills/docker-infra-mgmt: could not open a new TTY: open /dev/tty: no such device or address
Already up to date.
.config/opencode/skills/docker-infra-mgmt has changed since chezmoi last wrote it?
chezmoi: .config/opencode/skills/docker-infra-mgmt: could not open a new TTY: open /dev/tty: no such device or address
Already up to date.
.config/opencode/skills/docker-infra-mgmt has changed since chezmoi last wrote it?
chezmoi: .config/opencode/skills/docker-infra-mgmt: could not open a new TTY: open /dev/tty: no such device or address
Already up to date.
.config/opencode/skills/docker-infra-mgmt has changed since chezmoi last wrote it?
chezmoi: .config/opencode/skills/docker-infra-mgmt: could not open a new TTY: open /dev/tty: no such device or address
Already up to date.
.config/opencode/skills/docker-infra-mgmt has changed since chezmoi last wrote it?
chezmoi: .config/opencode/skills/docker-infra-mgmt: could not open a new TTY: open /dev/tty: no such device or address
Already up to date.
.config/opencode/skills/docker-infra-mgmt has changed since chezmoi last wrote it?
chezmoi: .config/opencode/skills/docker-infra-mgmt: could not open a new TTY: open /dev/tty: no such device or address
Already up to date.
.config/opencode/skills/docker-infra-mgmt has changed since chezmoi last wrote it?
chezmoi: .config/opencode/skills/docker-infra-mgmt: could not open a new TTY: open /dev/tty: no such device or address
Already up to date.
.config/opencode/skills/docker-infra-mgmt has changed since chezmoi last wrote it?
chezmoi: .config/opencode/skills/docker-infra-mgmt: could not open a new TTY: open /dev/tty: no such device or address
Already up to date.
.config/opencode/skills/docker-infra-mgmt has changed since chezmoi last wrote it?
chezmoi: .config/opencode/skills/docker-infra-mgmt: could not open a new TTY: open /dev/tty: no such device or address
Already up to date.
.config/opencode/skills/docker-infra-mgmt has changed since chezmoi last wrote it?
chezmoi: .config/opencode/skills/docker-infra-mgmt: could not open a new TTY: open /dev/tty: no such device or address
Already up to date.
.config/opencode/skills/docker-infra-mgmt has changed since chezmoi last wrote it?
chezmoi: .config/opencode/skills/docker-infra-mgmt: could not open a new TTY: open /dev/tty: no such device or address
Already up to date.
.config/opencode/skills/docker-infra-mgmt has changed since chezmoi last wrote it?
chezmoi: .config/opencode/skills/docker-infra-mgmt: could not open a new TTY: open /dev/tty: no such device or address
Already up to date.
.config/opencode/skills/docker-infra-mgmt has changed since chezmoi last wrote it?
chezmoi: .config/opencode/skills/docker-infra-mgmt: could not open a new TTY: open /dev/tty: no such device or address
Already up to date.
.config/opencode/skills/docker-infra-mgmt has changed since chezmoi last wrote it?
chezmoi: .config/opencode/skills/docker-infra-mgmt: could not open a new TTY: open /dev/tty: no such device or address
Already up to date.
.config/opencode/skills/docker-infra-mgmt has changed since chezmoi last wrote it?
chezmoi: .config/opencode/skills/docker-infra-mgmt: could not open a new TTY: open /dev/tty: no such device or address
Already up to date.
.config/opencode/skills/docker-infra-mgmt has changed since chezmoi last wrote it?
chezmoi: .config/opencode/skills/docker-infra-mgmt: could not open a new TTY: open /dev/tty: no such device or address
Already up to date.
.config/opencode/skills/docker-infra-mgmt has changed since chezmoi last wrote it?
chezmoi: .config/opencode/skills/docker-infra-mgmt: could not open a new TTY: open /dev/tty: no such device or address
Already up to date.
.config/opencode/skills/docker-infra-mgmt has changed since chezmoi last wrote it?
chezmoi: .config/opencode/skills/docker-infra-mgmt: could not open a new TTY: open /dev/tty: no such device or address
Already up to date.
.config/opencode/skills/docker-infra-mgmt has changed since chezmoi last wrote it?
chezmoi: .config/opencode/skills/docker-infra-mgmt: could not open a new TTY: open /dev/tty: no such device or address
Already up to date.
.config/opencode/skills/docker-infra-mgmt has changed since chezmoi last wrote it?
chezmoi: .config/opencode/skills/docker-infra-mgmt: could not open a new TTY: open /dev/tty: no such device or address
Already up to date.
.config/opencode/skills/docker-infra-mgmt has changed since chezmoi last wrote it?
chezmoi: .config/opencode/skills/docker-infra-mgmt: could not open a new TTY: open /dev/tty: no such device or address
Already up to date.
.config/opencode/skills/docker-infra-mgmt has changed since chezmoi last wrote it?
chezmoi: .config/opencode/skills/docker-infra-mgmt: could not open a new TTY: open /dev/tty: no such device or address
Already up to date.
.config/opencode/skills/docker-infra-mgmt has changed since chezmoi last wrote it?
chezmoi: .config/opencode/skills/docker-infra-mgmt: could not open a new TTY: open /dev/tty: no such device or address
Already up to date.
.config/opencode/skills/docker-infra-mgmt has changed since chezmoi last wrote it?
chezmoi: .config/opencode/skills/docker-infra-mgmt: could not open a new TTY: open /dev/tty: no such device or address
Already up to date.
.config/opencode/skills/docker-infra-mgmt has changed since chezmoi last wrote it?
chezmoi: .config/opencode/skills/docker-infra-mgmt: could not open a new TTY: open /dev/tty: no such device or address
Already up to date.
.config/opencode/skills/docker-infra-mgmt has changed since chezmoi last wrote it?
chezmoi: .config/opencode/skills/docker-infra-mgmt: could not open a new TTY: open /dev/tty: no such device or address
Already up to date.
.config/opencode/skills/docker-infra-mgmt has changed since chezmoi last wrote it?
chezmoi: .config/opencode/skills/docker-infra-mgmt: could not open a new TTY: open /dev/tty: no such device or address
Already up to date.
.config/opencode/skills/docker-infra-mgmt has changed since chezmoi last wrote it?
chezmoi: .config/opencode/skills/docker-infra-mgmt: could not open a new TTY: open /dev/tty: no such device or address
Already up to date.
.config/opencode/skills/docker-infra-mgmt has changed since chezmoi last wrote it?
chezmoi: .config/opencode/skills/docker-infra-mgmt: could not open a new TTY: open /dev/tty: no such device or address
Already up to date.
.config/opencode/skills/docker-infra-mgmt has changed since chezmoi last wrote it?
chezmoi: .config/opencode/skills/docker-infra-mgmt: could not open a new TTY: open /dev/tty: no such device or address
Already up to date.
.config/opencode/skills/docker-infra-mgmt has changed since chezmoi last wrote it?
chezmoi: .config/opencode/skills/docker-infra-mgmt: could not open a new TTY: open /dev/tty: no such device or address
Already up to date.
.config/opencode/skills/docker-infra-mgmt has changed since chezmoi last wrote it?
chezmoi: .config/opencode/skills/docker-infra-mgmt: could not open a new TTY: open /dev/tty: no such device or address
Already up to date.
.config/opencode/skills/docker-infra-mgmt has changed since chezmoi last wrote it?
chezmoi: .config/opencode/skills/docker-infra-mgmt: could not open a new TTY: open /dev/tty: no such device or address
Already up to date.
.config/opencode/skills/docker-infra-mgmt has changed since chezmoi last wrote it?
chezmoi: .config/opencode/skills/docker-infra-mgmt: could not open a new TTY: open /dev/tty: no such device or address
Already up to date.
.config/opencode/skills/docker-infra-mgmt has changed since chezmoi last wrote it?
chezmoi: .config/opencode/skills/docker-infra-mgmt: could not open a new TTY: open /dev/tty: no such device or address
Already up to date.
.config/opencode/skills/docker-infra-mgmt has changed since chezmoi last wrote it?
chezmoi: .config/opencode/skills/docker-infra-mgmt: could not open a new TTY: open /dev/tty: no such device or address
Already up to date.
.config/opencode/skills/docker-infra-mgmt has changed since chezmoi last wrote it?
chezmoi: .config/opencode/skills/docker-infra-mgmt: could not open a new TTY: open /dev/tty: no such device or address
Already up to date.
.config/opencode/skills/docker-infra-mgmt has changed since chezmoi last wrote it?
chezmoi: .config/opencode/skills/docker-infra-mgmt: could not open a new TTY: open /dev/tty: no such device or address
Already up to date.
.config/opencode/skills/docker-infra-mgmt has changed since chezmoi last wrote it?
chezmoi: .config/opencode/skills/docker-infra-mgmt: could not open a new TTY: open /dev/tty: no such device or address
Already up to date.
.config/opencode/skills/docker-infra-mgmt has changed since chezmoi last wrote it?
chezmoi: .config/opencode/skills/docker-infra-mgmt: could not open a new TTY: open /dev/tty: no such device or address
Already up to date.
.config/opencode/skills/docker-infra-mgmt has changed since chezmoi last wrote it?
chezmoi: .config/opencode/skills/docker-infra-mgmt: could not open a new TTY: open /dev/tty: no such device or address
Already up to date.
.config/opencode/skills/docker-infra-mgmt has changed since chezmoi last wrote it?
chezmoi: .config/opencode/skills/docker-infra-mgmt: could not open a new TTY: open /dev/tty: no such device or address
Already up to date.
.config/opencode/skills/docker-infra-mgmt has changed since chezmoi last wrote it?
chezmoi: .config/opencode/skills/docker-infra-mgmt: could not open a new TTY: open /dev/tty: no such device or address
Already up to date.
.config/opencode/skills/docker-infra-mgmt has changed since chezmoi last wrote it?
chezmoi: .config/opencode/skills/docker-infra-mgmt: could not open a new TTY: open /dev/tty: no such device or address
Already up to date.
.config/opencode/skills/docker-infra-mgmt has changed since chezmoi last wrote it?
chezmoi: .config/opencode/skills/docker-infra-mgmt: could not open a new TTY: open /dev/tty: no such device or address
Already up to date.
.config/opencode/skills/docker-infra-mgmt has changed since chezmoi last wrote it?
chezmoi: .config/opencode/skills/docker-infra-mgmt: could not open a new TTY: open /dev/tty: no such device or address
Already up to date.
.config/opencode/skills/docker-infra-mgmt has changed since chezmoi last wrote it?
chezmoi: .config/opencode/skills/docker-infra-mgmt: could not open a new TTY: open /dev/tty: no such device or address
Already up to date.
.config/opencode/skills/docker-infra-mgmt has changed since chezmoi last wrote it?
chezmoi: .config/opencode/skills/docker-infra-mgmt: could not open a new TTY: open /dev/tty: no such device or address
Already up to date.
.config/opencode/skills/docker-infra-mgmt has changed since chezmoi last wrote it?
chezmoi: .config/opencode/skills/docker-infra-mgmt: could not open a new TTY: open /dev/tty: no such device or address
Already up to date.
.config/opencode/skills/docker-infra-mgmt has changed since chezmoi last wrote it?
chezmoi: .config/opencode/skills/docker-infra-mgmt: could not open a new TTY: open /dev/tty: no such device or address
Already up to date.
.config/opencode/skills/docker-infra-mgmt has changed since chezmoi last wrote it?
chezmoi: .config/opencode/skills/docker-infra-mgmt: could not open a new TTY: open /dev/tty: no such device or address
Already up to date.
.config/opencode/skills/docker-infra-mgmt has changed since chezmoi last wrote it?
chezmoi: .config/opencode/skills/docker-infra-mgmt: could not open a new TTY: open /dev/tty: no such device or address
Already up to date.
.config/opencode/skills/docker-infra-mgmt has changed since chezmoi last wrote it?
chezmoi: .config/opencode/skills/docker-infra-mgmt: could not open a new TTY: open /dev/tty: no such device or address
Already up to date.
.config/opencode/skills/pirate/SKILL.md has changed since chezmoi last wrote it?
chezmoi: .config/opencode/skills/pirate/SKILL.md: could not open a new TTY: open /dev/tty: no such device or address
From https://github.com/phillias/dotfiles
   6bf8622..d427211  master     -> origin/master
Already up to date.
.config/opencode/skills/pirate/SKILL.md has changed since chezmoi last wrote it?
chezmoi: .config/opencode/skills/pirate/SKILL.md: could not open a new TTY: open /dev/tty: no such device or address
Already up to date.
.config/opencode/skills/pirate/SKILL.md has changed since chezmoi last wrote it?
chezmoi: .config/opencode/skills/pirate/SKILL.md: could not open a new TTY: open /dev/tty: no such device or address
Already up to date.
.config/opencode/skills/pirate/SKILL.md has changed since chezmoi last wrote it?
chezmoi: .config/opencode/skills/pirate/SKILL.md: could not open a new TTY: open /dev/tty: no such device or address
Already up to date.
.config/opencode/skills/pirate/SKILL.md has changed since chezmoi last wrote it?
chezmoi: .config/opencode/skills/pirate/SKILL.md: could not open a new TTY: open /dev/tty: no such device or address
Already up to date.
.config/opencode/skills/pirate/SKILL.md has changed since chezmoi last wrote it?
chezmoi: .config/opencode/skills/pirate/SKILL.md: could not open a new TTY: open /dev/tty: no such device or address
Already up to date.
.config/opencode/skills/pirate/SKILL.md has changed since chezmoi last wrote it?
chezmoi: .config/opencode/skills/pirate/SKILL.md: could not open a new TTY: open /dev/tty: no such device or address
Already up to date.
.config/opencode/skills/pirate/SKILL.md has changed since chezmoi last wrote it?
chezmoi: .config/opencode/skills/pirate/SKILL.md: could not open a new TTY: open /dev/tty: no such device or address
Already up to date.
.config/opencode/skills/pirate/SKILL.md has changed since chezmoi last wrote it?
chezmoi: .config/opencode/skills/pirate/SKILL.md: could not open a new TTY: open /dev/tty: no such device or address
Already up to date.
.config/opencode/skills/pirate/SKILL.md has changed since chezmoi last wrote it?
chezmoi: .config/opencode/skills/pirate/SKILL.md: could not open a new TTY: open /dev/tty: no such device or address
Already up to date.
.config/opencode/skills/pirate/SKILL.md has changed since chezmoi last wrote it?
chezmoi: .config/opencode/skills/pirate/SKILL.md: could not open a new TTY: open /dev/tty: no such device or address
Already up to date.
.config/opencode/skills/pirate/SKILL.md has changed since chezmoi last wrote it?
chezmoi: .config/opencode/skills/pirate/SKILL.md: could not open a new TTY: open /dev/tty: no such device or address
Already up to date.
.config/opencode/skills/pirate/SKILL.md has changed since chezmoi last wrote it?
chezmoi: .config/opencode/skills/pirate/SKILL.md: could not open a new TTY: open /dev/tty: no such device or address
Already up to date.
.config/opencode/skills/pirate/SKILL.md has changed since chezmoi last wrote it?
chezmoi: .config/opencode/skills/pirate/SKILL.md: could not open a new TTY: open /dev/tty: no such device or address
Already up to date.
.config/opencode/skills/pirate/SKILL.md has changed since chezmoi last wrote it?
chezmoi: .config/opencode/skills/pirate/SKILL.md: could not open a new TTY: open /dev/tty: no such device or address
Already up to date.
.config/opencode/skills/pirate/SKILL.md has changed since chezmoi last wrote it?
chezmoi: .config/opencode/skills/pirate/SKILL.md: could not open a new TTY: open /dev/tty: no such device or address
Already up to date.
.config/opencode/skills/pirate/SKILL.md has changed since chezmoi last wrote it?
chezmoi: .config/opencode/skills/pirate/SKILL.md: could not open a new TTY: open /dev/tty: no such device or address
Already up to date.
.config/opencode/skills/pirate/SKILL.md has changed since chezmoi last wrote it?
chezmoi: .config/opencode/skills/pirate/SKILL.md: could not open a new TTY: open /dev/tty: no such device or address
Already up to date.
.config/opencode/skills/pirate/SKILL.md has changed since chezmoi last wrote it?
chezmoi: .config/opencode/skills/pirate/SKILL.md: could not open a new TTY: open /dev/tty: no such device or address
Already up to date.
.config/opencode/skills/pirate/SKILL.md has changed since chezmoi last wrote it?
chezmoi: .config/opencode/skills/pirate/SKILL.md: could not open a new TTY: open /dev/tty: no such device or address
Already up to date.
.config/opencode/skills/pirate/SKILL.md has changed since chezmoi last wrote it?
chezmoi: .config/opencode/skills/pirate/SKILL.md: could not open a new TTY: open /dev/tty: no such device or address
Already up to date.
.config/opencode/skills/pirate/SKILL.md has changed since chezmoi last wrote it?
chezmoi: .config/opencode/skills/pirate/SKILL.md: could not open a new TTY: open /dev/tty: no such device or address
Already up to date.
.config/opencode/skills/pirate/SKILL.md has changed since chezmoi last wrote it?
chezmoi: .config/opencode/skills/pirate/SKILL.md: could not open a new TTY: open /dev/tty: no such device or address
Already up to date.
.config/opencode/skills/pirate/SKILL.md has changed since chezmoi last wrote it?
chezmoi: .config/opencode/skills/pirate/SKILL.md: could not open a new TTY: open /dev/tty: no such device or address
Already up to date.
.config/opencode/skills/pirate/SKILL.md has changed since chezmoi last wrote it?
chezmoi: .config/opencode/skills/pirate/SKILL.md: could not open a new TTY: open /dev/tty: no such device or address
Already up to date.
.config/opencode/skills/pirate/SKILL.md has changed since chezmoi last wrote it?
chezmoi: .config/opencode/skills/pirate/SKILL.md: could not open a new TTY: open /dev/tty: no such device or address
